[debug] [2022-01-17T19:28:06.233Z] ----------------------------------------------------------------------
[debug] [2022-01-17T19:28:06.235Z] Command:       C:\Program Files\nodejs\node.exe C:\Users\Lenovo\AppData\Roaming\npm\node_modules\firebase-tools\lib\bin\firebase.js init
[debug] [2022-01-17T19:28:06.235Z] CLI Version:   10.1.0
[debug] [2022-01-17T19:28:06.235Z] Platform:      win32
[debug] [2022-01-17T19:28:06.236Z] Node Version:  v14.8.0
[debug] [2022-01-17T19:28:06.237Z] Time:          Mon Jan 17 2022 20:28:06 GMT+0100 (Central European Standard Time)
[debug] [2022-01-17T19:28:06.237Z] ----------------------------------------------------------------------
[debug] 
[debug] [2022-01-17T19:28:06.306Z] > command requires scopes: ["email","openid","https://www.googleapis.com/auth/cloudplatformprojects.readonly","https://www.googleapis.com/auth/firebase","https://www.googleapis.com/auth/cloud-platform"]
[debug] [2022-01-17T19:28:06.306Z] > authorizing via signed-in user (automation@referral-factory.com)
[info] 
     ######## #### ########  ######## ########     ###     ######  ########
     ##        ##  ##     ## ##       ##     ##  ##   ##  ##       ##
     ######    ##  ########  ######   ########  #########  ######  ######
     ##        ##  ##    ##  ##       ##     ## ##     ##       ## ##
     ##       #### ##     ## ######## ########  ##     ##  ######  ########

You're about to initialize a Firebase project in this directory:

  C:\Users\Lenovo\REACT-SITE-TEMPLATES\FUZIA\Meditation

Before we get started, keep in mind:

  * You are initializing within an existing Firebase project directory

[info] 
=== Project Setup
[info] 
[info] First, let's associate this project directory with a Firebase project.
[info] You can create multiple project aliases by running firebase use --add, 
[info] but for now we'll just set up a default project.
[info] 
[debug] [2022-01-17T19:30:04.000Z] Using project from CLI flag: meditationwithfuzia
[debug] [2022-01-17T19:30:04.003Z] >>> [apiv2][query] GET https://firebase.googleapis.com/v1beta1/projects/meditationwithfuzia [none]
[debug] [2022-01-17T19:30:04.310Z] <<< [apiv2][status] GET https://firebase.googleapis.com/v1beta1/projects/meditationwithfuzia 403
[debug] [2022-01-17T19:30:04.310Z] <<< [apiv2][body] GET https://firebase.googleapis.com/v1beta1/projects/meditationwithfuzia {"error":{"code":403,"message":"The caller does not have permission","status":"PERMISSION_DENIED"}}
[debug] [2022-01-17T19:30:04.311Z] HTTP Error: 403, The caller does not have permission
[debug] [2022-01-17T19:30:04.345Z] FirebaseError: HTTP Error: 403, The caller does not have permission
    at module.exports (C:\Users\Lenovo\AppData\Roaming\npm\node_modules\firebase-tools\lib\responseToError.js:38:12)
    at Client.doRequest (C:\Users\Lenovo\AppData\Roaming\npm\node_modules\firebase-tools\lib\apiv2.js:241:23)
    at processTicksAndRejections (internal/process/task_queues.js:93:5)
    at async Client.request (C:\Users\Lenovo\AppData\Roaming\npm\node_modules\firebase-tools\lib\apiv2.js:96:20)
    at async getFirebaseProject (C:\Users\Lenovo\AppData\Roaming\npm\node_modules\firebase-tools\lib\management\projects.js:290:21)
    at async Object.doSetup [as project] (C:\Users\Lenovo\AppData\Roaming\npm\node_modules\firebase-tools\lib\init\features\project.js:85:27)
    at async init (C:\Users\Lenovo\AppData\Roaming\npm\node_modules\firebase-tools\lib\init\index.js:19:9)
[error] 
[error] Error: Failed to get Firebase project meditationwithfuzia. Please make sure the project exists and your account has permission to access it.
[debug] [2022-01-17T19:30:09.519Z] ----------------------------------------------------------------------
[debug] [2022-01-17T19:30:09.522Z] Command:       C:\Program Files\nodejs\node.exe C:\Users\Lenovo\AppData\Roaming\npm\node_modules\firebase-tools\lib\bin\firebase.js init
[debug] [2022-01-17T19:30:09.523Z] CLI Version:   10.1.0
[debug] [2022-01-17T19:30:09.523Z] Platform:      win32
[debug] [2022-01-17T19:30:09.523Z] Node Version:  v14.8.0
[debug] [2022-01-17T19:30:09.524Z] Time:          Mon Jan 17 2022 20:30:09 GMT+0100 (Central European Standard Time)
[debug] [2022-01-17T19:30:09.524Z] ----------------------------------------------------------------------
[debug] 
[debug] [2022-01-17T19:30:09.594Z] > command requires scopes: ["email","openid","https://www.googleapis.com/auth/cloudplatformprojects.readonly","https://www.googleapis.com/auth/firebase","https://www.googleapis.com/auth/cloud-platform"]
[debug] [2022-01-17T19:30:09.594Z] > authorizing via signed-in user (automation@referral-factory.com)
[info] 
     ######## #### ########  ######## ########     ###     ######  ########
     ##        ##  ##     ## ##       ##     ##  ##   ##  ##       ##
     ######    ##  ########  ######   ########  #########  ######  ######
     ##        ##  ##    ##  ##       ##     ## ##     ##       ## ##
     ##       #### ##     ## ######## ########  ##     ##  ######  ########

You're about to initialize a Firebase project in this directory:

  C:\Users\Lenovo\REACT-SITE-TEMPLATES\FUZIA\Meditation

Before we get started, keep in mind:

  * You are initializing within an existing Firebase project directory

[info] 
=== Project Setup
[info] 
[info] First, let's associate this project directory with a Firebase project.
[info] You can create multiple project aliases by running firebase use --add, 
[info] but for now we'll just set up a default project.
[info] 
[debug] [2022-01-17T19:30:42.196Z] Using project from CLI flag: meditationwithfuzia
[debug] [2022-01-17T19:30:42.199Z] >>> [apiv2][query] GET https://firebase.googleapis.com/v1beta1/projects/meditationwithfuzia [none]
[debug] [2022-01-17T19:30:42.406Z] <<< [apiv2][status] GET https://firebase.googleapis.com/v1beta1/projects/meditationwithfuzia 403
[debug] [2022-01-17T19:30:42.407Z] <<< [apiv2][body] GET https://firebase.googleapis.com/v1beta1/projects/meditationwithfuzia {"error":{"code":403,"message":"The caller does not have permission","status":"PERMISSION_DENIED"}}
[debug] [2022-01-17T19:30:42.407Z] HTTP Error: 403, The caller does not have permission
[debug] [2022-01-17T19:30:42.445Z] FirebaseError: HTTP Error: 403, The caller does not have permission
    at module.exports (C:\Users\Lenovo\AppData\Roaming\npm\node_modules\firebase-tools\lib\responseToError.js:38:12)
    at Client.doRequest (C:\Users\Lenovo\AppData\Roaming\npm\node_modules\firebase-tools\lib\apiv2.js:241:23)
    at processTicksAndRejections (internal/process/task_queues.js:93:5)
    at async Client.request (C:\Users\Lenovo\AppData\Roaming\npm\node_modules\firebase-tools\lib\apiv2.js:96:20)
    at async getFirebaseProject (C:\Users\Lenovo\AppData\Roaming\npm\node_modules\firebase-tools\lib\management\projects.js:290:21)
    at async Object.doSetup [as project] (C:\Users\Lenovo\AppData\Roaming\npm\node_modules\firebase-tools\lib\init\features\project.js:85:27)
    at async init (C:\Users\Lenovo\AppData\Roaming\npm\node_modules\firebase-tools\lib\init\index.js:19:9)
[error] 
[error] Error: Failed to get Firebase project meditationwithfuzia. Please make sure the project exists and your account has permission to access it.
